    1  git status
    2  git commit -m "ws1 and setup"
    3  git config --global user.email jge2k1@gmail.com
    4  git confic --global user.email Jesse
    5  git config --global user.name jesse
    6  git status
    7  git commit -m "setup"
    8  git status
    9  git add .
   10  git commit -m "set up"
   11  git push
   12  git push --set-upstream origin master
   13  git remote set-url origin https://USERNAME:TOKEN@github.com/USERNAME/REPOSITORY.git
   14  git push --set-upstream origin master
   15  jesse1337
   16  clear
   17  git push --set-upstream origin master
   18  git push --set-upstreak origin master
   19  git push --set-upstream origin master
   20  git remote set-url origin https://jesse1337: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@github.com/jesse1337/cs131.git
   21  git add .
   22  git commit -m "se"
   23  git push
   24  git push --set-upstream origin master
   25  cd
   26  ls
   27  git status
   28  git checkout main
   29  git fetch origin]
   30  git fetch origin
   31  git checkout main
   32  git status
   33  ls
   34  cd worksheet1
   35  cd Worksheet1
   36  history > cmds.log
   37  ls
   38  git add .
   39  git commit -m "ws1"
   40  https://jesse1337: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@github.com/jesse1337/cs131.git
   41  git remote -v
   42  git push
   43  git status
   44  git commit -m "cmds"
   45  git config user.email jge2k1@gmail.com
   46  git config user.name Jesse
   47  git commit -m "m"
   48  git push
   49  ls
   50  touch Worksheet2/counts.txt
   51  git add Worksheet2/counts.txt
   52  mkdir Worksheet2 | touch Worksheet2/counts.txt
   53  mkdir Worksheet2
   54  ls
   55  cd Worksheet2
   56  wget https://raw.githubusercontent.com/khanchandaniashish/CS131/main/Global%20YouTube%20Statistics.csv
   57  ls
   58  nano Global\ YouTube\ Statistics.csv 
   59  ls
   60  cd Worksheet2 | grep "United States" "Global Youtube Statistics.csv" > counts.txt
   61  cd Worksheet2
   62  ls
   63  grep "United States" Global\ YouTube\ Statistics.csv > counts.txt
   64  nano counts.txt
   65  grep "Music" Global\ Youtube\ Statistics.csv >> counts.txt
   66  ls
   67  grep "Music" Global\ YouTube\ Statistics.csv >> counts.txt
   68  nano counts.txt
   69  grep "Music" Global\ YouTube\ Statistics.csv >> numb.txt
   70  ls
   71  wc -l counts.txt >> counts.txt
   72  nano counts.txt
   73  wc -l numb.txt >> numb.txt
   74  wc -w numb.txt >> numb.txt
   75  nano numb.txt
   76  nano counts.txt
   77  git status
   78  git add .
   79  git commit -m "ws2"
   80  git push
   81  git remoote -v
   82  git remote -v
   83  history > cmds.log
   84  git add .
   85  git commit -m "ws2"
   86  git push
   87  git push --set-upstream origin master
   88  git config --global user.email "jge2k1@gmail.com"
   89  git push
   90  git status
   91     19  git config --global user.email jge2k1@gmail.com
   92  git config --list
   93  git push
   94  ssh-keygen -t rsa -b 4096 -C "jge2k1@gmail.com"
   95  eval "$(ssh-agent -s)"
   96  ssh-add ~/.ssh/id_rsa
   97  ls ~/.ssh/
   98  ssh-add ~/sshkey.txt
   99  ssh-keygen -t rsa -b 4096 -C "jge2k1@gmail.com"
  100  ssh-add ~/.ssh/id_rsa
  101  git push
  102  git remote add origin https://username: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@github.com/jesse1337/cs131.git
  103  git push -u origin
  104  git remote -v
  105  git remote add origin https://jesse1337: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@github.com/jesse1337/cs131.git
  106  git remote -v
  107  git remote set-url origin https://jesse1337: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@github.com/jesse1337/cs131.git
  108  git push
  109  ls
  110  cd Assignment1
  111  history > cmds.log
  112  nano cmds.log
  113  cd Assignment1
  114  mkdir myDir2
  115  mkdir myDir3
  116  cd myDir2
  117  touch myFile.txt
  118  ls
  119  mv myDir2/myFile.txt myDir2/myDir3/
  120  cd ..
  121  mv myDir2/myFile.txt myDir2/myDir3/
  122  mv myDir2/myFile.txt myDir3
  123  cd myDir3
  124  ls
  125  cd ..
  126  free -m
  127  man free
  128  cat /etc/*release*
  129  ls -l /etc/*release*
  130  ls
  131  history > cmds.log
  132  nano cmds.log
  133  ls
  134  nano Assignment1.txt
  135  ls
  136  git add .
  137  git commit -m "assignemnt1"
  138  git push
  139  git status
  140  git fetch
  141  git push
  142  git pull
  143  git status
  144  git pull
  145  git commit -m "as1"
  146  git push
  147  cd Assignment1
  148  ls
  149  git status
  150  git add .
  151  git commit -m "a1"
  152  ls
  153  mkdir Assignment1
  154  ls
  155  cd Assignment1'
  156  cd Assignment1'
  157  cd Assignment1
  158  echo $SHELL
  159  echo $HOME
  160  id
  161  mkdir myDir
  162  chmod -w myDir
  163  cd myDir
  164  ls
  165  ls -l
  166  nano test.txt
  167  cd Assignment2
  168  ps aux | grep 'whoami'
  169  ps aux | grep vi
  170  ps aux | grep jessesp+
  171  whoami
  172  ps aux | grep jessesp24
  173  ps aux | grep jessesp+
  174  history > sec_term_cmds.log
