    1  mkdir Worksheet3
    2  cd Worksheet3
    3  wget https://raw.githubusercontent.com/khanchandaniashish/CS131/main/Global%20YouTube%20Statistics.csv
   11  cut -d ',' -f 2,8,16 Global\ YouTube\ Statistics.csv  > cut.csv
   16  grep -E ',(United States|United Kingdom|India),' cut.csv | sort -t',' -k3 -nr > sorted.csv
   17  nano sorted.csv
   20   grep -E ',United States,' sorted.csv | head -n 1 > highest.csv
   21  nano highest.csv
   22  grep -E ',United Kingdom,' sorted.csv | head -n 1 >> highest.csv
   23  grep -E ',India,' sorted.csv | head -n 1 >> highest.csv
   27  sort -t',' -k3 -nr Global\ YouTube\ Statistics.csv  > task2.csv
   38  sort -t',' -k3 -nr Global\ YouTube\ Statistics.csv  > task2.csv
   40  cut -d ',' -f 2,3,5 task2.csv > task2cut.csv
   42  grep -E ',Sports' task2cut.csv | head -n 1 > 2sorted.csv
   44  grep -E ',Education' task2cut.csv | head -n 1 >> 2sorted.csv
   45  grep -E ',Entertainment' task2cut.csv | head -n 1 >> 2sorted.csv
   49  cat highest.csv > ws3.txt
   50  cat 2sorted.csv >> ws3.txt
   51  nano ws3.txt
   52  history > cmds.log
