  452  mkdir Assignment3
  453  cd Assignment3
  454  wget https://raw.githubusercontent.com/khanchandaniashish/CS131/main/awksp24/last.fake
  455  wget https://raw.githubusercontent.com/khanchandaniashish/CS131/main/awksp24/passwd.fake
  456  wget https://raw.githubusercontent.com/khanchandaniashish/CS131/main/awksp24/ps.fake
  457  clear
  458  wc -l last.fake
  459  grep 'sp24' last.fake > lastsp24.fake
  460  wc -l lastsp24.fake
  461  nano last.fake
  462  clear
  463  grep 'Sun' lastsp24.fake | awk '{print $1}' | sort | uniq
  464  awk '/Sun/ {print $1}' lastsp24.fake | sort | uniq | awk 'BEGIN {print "The list of people who worked on Sunday are:"} {print} END {print "Kudos to these people for putting in the work"}'
  465  awk '$2 >= "05:00" && $2 <= "09:00" {print $1}' lastsp24.fake | sort | uniq |awk 'BEGIN {print "Night Owls List::"} {print} END {print "Night Owls are dope. Please ensure you get enough sleep though."}'
  466  nano lastsp24.fake
  467  awk '$2 >= "23:00" || $2 <= "04:00" {print $1}' lastsp24.fake | sort | uniq |awk 'BEGIN {print "Night Owls List:"} {print} END {print "Night Owls are dope. Please ensure you get enough sleep though."}'
  468  awk '$2 >= "05:00" && $2 <= "09:00" {print $1}' lastsp24.fake | sort | uniq |awk 'BEGIN {print "Early Birds List:"} {print} END {print "Early Birds are dope. Please ensure you get enough sleep though."}'
  469  awk -F: '/^t/ {print $1}' lastsp24.fake
  470  awk -F: '/^a/ && $3 % 2 == 0 {print $1}' passwd.fake
  471  sed 's/[a-zA-Z0-9 ]//g' passwd.fake | sort -u
  472  history > cmds.log
